\BOOKMARK [1][-]{section.1}{\376\377\000I\000n\000t\000r\000o\000d\000u\000c\000t\000i\000o\000n}{}% 1
\BOOKMARK [1][-]{section.2}{\376\377\000N\000e\000g\000B\000i\000o\000D\000B\000:\000\040\000A\000\040\000D\000a\000t\000a\000b\000a\000s\000e\000\040\000o\000f\000\040\000N\000e\000g\000a\000t\000i\000v\000e\000\040\000R\000e\000s\000u\000l\000t\000s}{}% 2
\BOOKMARK [2][-]{subsection.2.1}{\376\377\000D\000e\000s\000i\000g\000n\000\040\000P\000r\000i\000n\000c\000i\000p\000l\000e\000s}{section.2}% 3
\BOOKMARK [2][-]{subsection.2.2}{\376\377\000T\000h\000r\000e\000e\000\040\000D\000o\000m\000a\000i\000n\000s}{section.2}% 4
\BOOKMARK [1][-]{section.3}{\376\377\000N\000e\000g\000B\000i\000o\000B\000e\000n\000c\000h\000:\000\040\000E\000v\000a\000l\000u\000a\000t\000i\000o\000n\000\040\000F\000r\000a\000m\000e\000w\000o\000r\000k}{}% 5
\BOOKMARK [2][-]{subsection.3.1}{\376\377\000M\000L\000\040\000T\000r\000a\000c\000k}{section.3}% 6
\BOOKMARK [2][-]{subsection.3.2}{\376\377\000L\000L\000M\000\040\000T\000r\000a\000c\000k}{section.3}% 7
\BOOKMARK [2][-]{subsection.3.3}{\376\377\000E\000v\000a\000l\000u\000a\000t\000i\000o\000n\000\040\000M\000e\000t\000h\000o\000d\000o\000l\000o\000g\000y}{section.3}% 8
\BOOKMARK [1][-]{section.4}{\376\377\000E\000x\000p\000e\000r\000i\000m\000e\000n\000t\000s\000\040\000a\000n\000d\000\040\000R\000e\000s\000u\000l\000t\000s}{}% 9
\BOOKMARK [2][-]{subsection.4.1}{\376\377\000D\000o\000\040\000C\000u\000r\000a\000t\000e\000d\000\040\000N\000e\000g\000a\000t\000i\000v\000e\000s\000\040\000D\000i\000f\000f\000e\000r\000\040\000f\000r\000o\000m\000\040\000C\000o\000n\000t\000r\000o\000l\000s\000?}{section.4}% 10
\BOOKMARK [2][-]{subsection.4.2}{\376\377\000D\000o\000e\000s\000\040\000C\000o\000l\000d\000\040\000S\000p\000l\000i\000t\000t\000i\000n\000g\000\040\000E\000x\000p\000o\000s\000e\000\040\000G\000e\000n\000e\000r\000a\000l\000i\000z\000a\000t\000i\000o\000n\000\040\000F\000a\000i\000l\000u\000r\000e\000s\000?}{section.4}% 11
\BOOKMARK [2][-]{subsection.4.3}{\376\377\000C\000a\000n\000\040\000L\000L\000M\000s\000\040\000R\000e\000a\000s\000o\000n\000\040\000A\000b\000o\000u\000t\000\040\000N\000e\000g\000a\000t\000i\000v\000e\000\040\000B\000i\000o\000l\000o\000g\000i\000c\000a\000l\000\040\000E\000v\000i\000d\000e\000n\000c\000e\000?}{section.4}% 12
\BOOKMARK [2][-]{subsection.4.4}{\376\377\000T\000h\000e\000\040\000O\000p\000a\000c\000i\000t\000y\000\040\000G\000r\000a\000d\000i\000e\000n\000t}{section.4}% 13
\BOOKMARK [1][-]{section.5}{\376\377\000D\000i\000s\000c\000u\000s\000s\000i\000o\000n\000\040\000a\000n\000d\000\040\000C\000o\000n\000c\000l\000u\000s\000i\000o\000n}{}% 14
\BOOKMARK [1][-]{appendix.A}{\376\377\000D\000a\000t\000a\000s\000h\000e\000e\000t\000\040\000f\000o\000r\000\040\000D\000a\000t\000a\000s\000e\000t\000s}{}% 15
\BOOKMARK [2][-]{subsection.A.1}{\376\377\000M\000o\000t\000i\000v\000a\000t\000i\000o\000n}{appendix.A}% 16
\BOOKMARK [2][-]{subsection.A.2}{\376\377\000C\000o\000m\000p\000o\000s\000i\000t\000i\000o\000n}{appendix.A}% 17
\BOOKMARK [2][-]{subsection.A.3}{\376\377\000C\000o\000l\000l\000e\000c\000t\000i\000o\000n\000\040\000P\000r\000o\000c\000e\000s\000s}{appendix.A}% 18
\BOOKMARK [2][-]{subsection.A.4}{\376\377\000P\000r\000e\000p\000r\000o\000c\000e\000s\000s\000i\000n\000g\000,\000\040\000C\000l\000e\000a\000n\000i\000n\000g\000,\000\040\000L\000a\000b\000e\000l\000i\000n\000g}{appendix.A}% 19
\BOOKMARK [2][-]{subsection.A.5}{\376\377\000U\000s\000e\000s}{appendix.A}% 20
\BOOKMARK [2][-]{subsection.A.6}{\376\377\000D\000i\000s\000t\000r\000i\000b\000u\000t\000i\000o\000n}{appendix.A}% 21
\BOOKMARK [2][-]{subsection.A.7}{\376\377\000M\000a\000i\000n\000t\000e\000n\000a\000n\000c\000e}{appendix.A}% 22
\BOOKMARK [1][-]{appendix.B}{\376\377\000C\000o\000m\000p\000l\000e\000t\000e\000\040\000M\000L\000\040\000R\000e\000s\000u\000l\000t\000s}{}% 23
\BOOKMARK [2][-]{subsection.B.1}{\376\377\000D\000T\000I\000\040\000M\000L\000\040\000R\000e\000s\000u\000l\000t\000s\000\040\000\050\0001\0008\000\040\000r\000u\000n\000s\000\051}{appendix.B}% 24
\BOOKMARK [2][-]{subsection.B.2}{\376\377\000C\000T\000-\000M\0001\000\040\000R\000e\000s\000u\000l\000t\000s\000\040\000\050\0005\0004\000\040\000r\000u\000n\000s\000\051}{appendix.B}% 25
\BOOKMARK [2][-]{subsection.B.3}{\376\377\000C\000T\000-\000M\0002\000\040\000R\000e\000s\000u\000l\000t\000s\000\040\000\050\0005\0004\000\040\000r\000u\000n\000s\000\051}{appendix.B}% 26
\BOOKMARK [2][-]{subsection.B.4}{\376\377\000P\000P\000I\000\040\000M\000L\000\040\000R\000e\000s\000u\000l\000t\000s\000\040\000\050\0005\0004\000\040\000r\000u\000n\000s\000,\000\040\000a\000g\000g\000r\000e\000g\000a\000t\000e\000d\000\051}{appendix.B}% 27
\BOOKMARK [1][-]{appendix.C}{\376\377\000C\000o\000m\000p\000l\000e\000t\000e\000\040\000L\000L\000M\000\040\000R\000e\000s\000u\000l\000t\000s}{}% 28
\BOOKMARK [2][-]{subsection.C.1}{\376\377\000D\000T\000I\000\040\000L\000L\000M\000\040\000R\000e\000s\000u\000l\000t\000s\000\040\000\050\0008\0001\000\040\000r\000u\000n\000s\000\051}{appendix.C}% 29
\BOOKMARK [2][-]{subsection.C.2}{\376\377\000C\000T\000\040\000L\000L\000M\000\040\000R\000e\000s\000u\000l\000t\000s\000\040\000\050\0008\0000\000\040\000r\000u\000n\000s\000\051}{appendix.C}% 30
\BOOKMARK [2][-]{subsection.C.3}{\376\377\000P\000P\000I\000\040\000L\000L\000M\000\040\000R\000e\000s\000u\000l\000t\000s\000\040\000\050\0008\0000\000\040\000r\000u\000n\000s\000\051}{appendix.C}% 31
\BOOKMARK [1][-]{appendix.D}{\376\377\000L\0003\000\040\000R\000e\000a\000s\000o\000n\000i\000n\000g\000\040\000A\000n\000a\000l\000y\000s\000i\000s}{}% 32
\BOOKMARK [2][-]{subsection.D.1}{\376\377\000J\000u\000d\000g\000e\000\040\000C\000e\000i\000l\000i\000n\000g\000\040\000E\000f\000f\000e\000c\000t}{appendix.D}% 33
\BOOKMARK [2][-]{subsection.D.2}{\376\377\000P\000P\000I\000\040\000L\0003\000\040\000P\000e\000r\000-\000D\000i\000m\000e\000n\000s\000i\000o\000n\000\040\000S\000c\000o\000r\000e\000s}{appendix.D}% 34
\BOOKMARK [2][-]{subsection.D.3}{\376\377\0003\000-\000s\000h\000o\000t\000\040\000D\000e\000g\000r\000a\000d\000a\000t\000i\000o\000n\000\040\000i\000n\000\040\000P\000P\000I\000\040\000L\0003}{appendix.D}% 35
\BOOKMARK [2][-]{subsection.D.4}{\376\377\000C\000r\000o\000s\000s\000-\000D\000o\000m\000a\000i\000n\000\040\000L\0003\000\040\000C\000o\000m\000p\000a\000r\000i\000s\000o\000n}{appendix.D}% 36
\BOOKMARK [1][-]{appendix.E}{\376\377\000F\000u\000l\000l\000\040\000P\000P\000I\000\040\000C\000o\000n\000t\000a\000m\000i\000n\000a\000t\000i\000o\000n\000\040\000A\000n\000a\000l\000y\000s\000i\000s}{}% 37
\BOOKMARK [2][-]{subsection.E.1}{\376\377\000T\000e\000m\000p\000o\000r\000a\000l\000\040\000C\000o\000n\000t\000a\000m\000i\000n\000a\000t\000i\000o\000n}{appendix.E}% 38
\BOOKMARK [2][-]{subsection.E.2}{\376\377\000C\000o\000n\000t\000a\000m\000i\000n\000a\000t\000i\000o\000n\000\040\000v\000s\000.\000\040\000P\000r\000o\000t\000e\000i\000n\000\040\000P\000o\000p\000u\000l\000a\000r\000i\000t\000y}{appendix.E}% 39
\BOOKMARK [2][-]{subsection.E.3}{\376\377\000M\000o\000d\000e\000l\000-\000A\000v\000e\000r\000a\000g\000e\000d\000\040\000S\000u\000m\000m\000a\000r\000y}{appendix.E}% 40
\BOOKMARK [1][-]{appendix.F}{\376\377\000L\000L\000M\000\040\000P\000r\000o\000m\000p\000t\000\040\000E\000x\000a\000m\000p\000l\000e\000s}{}% 41
\BOOKMARK [2][-]{subsection.F.1}{\376\377\000S\000y\000s\000t\000e\000m\000\040\000P\000r\000o\000m\000p\000t\000s}{appendix.F}% 42
\BOOKMARK [2][-]{subsection.F.2}{\376\377\000L\0001\000:\000\040\000M\000u\000l\000t\000i\000p\000l\000e\000\040\000C\000h\000o\000i\000c\000e\000\040\000C\000l\000a\000s\000s\000i\000f\000i\000c\000a\000t\000i\000o\000n}{appendix.F}% 43
\BOOKMARK [2][-]{subsection.F.3}{\376\377\000L\0002\000:\000\040\000S\000t\000r\000u\000c\000t\000u\000r\000e\000d\000\040\000E\000x\000t\000r\000a\000c\000t\000i\000o\000n}{appendix.F}% 44
\BOOKMARK [2][-]{subsection.F.4}{\376\377\000L\0003\000:\000\040\000S\000c\000i\000e\000n\000t\000i\000f\000i\000c\000\040\000R\000e\000a\000s\000o\000n\000i\000n\000g}{appendix.F}% 45
\BOOKMARK [2][-]{subsection.F.5}{\376\377\000L\0004\000:\000\040\000T\000e\000s\000t\000e\000d\000\040\000v\000s\000.\000\040\000U\000n\000t\000e\000s\000t\000e\000d\000\040\000D\000i\000s\000c\000r\000i\000m\000i\000n\000a\000t\000i\000o\000n}{appendix.F}% 46
\BOOKMARK [2][-]{subsection.F.6}{\376\377\000F\000e\000w\000-\000S\000h\000o\000t\000\040\000C\000o\000n\000f\000i\000g\000u\000r\000a\000t\000i\000o\000n}{appendix.F}% 47
\BOOKMARK [1][-]{appendix.G}{\376\377\000D\000a\000t\000a\000b\000a\000s\000e\000\040\000S\000c\000h\000e\000m\000a}{}% 48
\BOOKMARK [2][-]{subsection.G.1}{\376\377\000D\000T\000I\000\040\000D\000o\000m\000a\000i\000n\000\040\000S\000c\000h\000e\000m\000a}{appendix.G}% 49
\BOOKMARK [2][-]{subsection.G.2}{\376\377\000C\000T\000\040\000D\000o\000m\000a\000i\000n\000\040\000S\000c\000h\000e\000m\000a}{appendix.G}% 50
\BOOKMARK [2][-]{subsection.G.3}{\376\377\000P\000P\000I\000\040\000D\000o\000m\000a\000i\000n\000\040\000S\000c\000h\000e\000m\000a}{appendix.G}% 51
\BOOKMARK [2][-]{subsection.G.4}{\376\377\000C\000o\000m\000m\000o\000n\000\040\000D\000e\000s\000i\000g\000n\000\040\000P\000a\000t\000t\000e\000r\000n\000s}{appendix.G}% 52
\BOOKMARK [1][-]{appendix.H}{\376\377\000S\000p\000l\000i\000t\000t\000i\000n\000g\000\040\000S\000t\000r\000a\000t\000e\000g\000y\000\040\000D\000e\000t\000a\000i\000l\000s}{}% 53
\BOOKMARK [2][-]{subsection.H.1}{\376\377\000S\000p\000l\000i\000t\000\040\000S\000t\000r\000a\000t\000e\000g\000y\000\040\000O\000v\000e\000r\000v\000i\000e\000w}{appendix.H}% 54
\BOOKMARK [2][-]{subsection.H.2}{\376\377\000C\000o\000l\000d\000\040\000S\000p\000l\000i\000t\000t\000i\000n\000g}{appendix.H}% 55
\BOOKMARK [2][-]{subsection.H.3}{\376\377\000T\000e\000m\000p\000o\000r\000a\000l\000\040\000S\000p\000l\000i\000t\000t\000i\000n\000g\000\040\000\050\000C\000T\000\040\000o\000n\000l\000y\000\051}{appendix.H}% 56
\BOOKMARK [2][-]{subsection.H.4}{\376\377\000S\000c\000a\000f\000f\000o\000l\000d\000\040\000S\000p\000l\000i\000t\000t\000i\000n\000g\000\040\000\050\000C\000T\000\040\000o\000n\000l\000y\000\051}{appendix.H}% 57
\BOOKMARK [2][-]{subsection.H.5}{\376\377\000D\000e\000g\000r\000e\000e\000-\000B\000a\000l\000a\000n\000c\000e\000d\000\040\000S\000p\000l\000i\000t\000t\000i\000n\000g\000\040\000\050\000D\000T\000I\000,\000\040\000P\000P\000I\000\051}{appendix.H}% 58
\BOOKMARK [2][-]{subsection.H.6}{\376\377\000C\000o\000n\000t\000r\000o\000l\000\040\000N\000e\000g\000a\000t\000i\000v\000e\000\040\000G\000e\000n\000e\000r\000a\000t\000i\000o\000n}{appendix.H}% 59
\BOOKMARK [1][-]{appendix.I}{\376\377\000C\000r\000o\000i\000s\000s\000a\000n\000t\000\040\000M\000e\000t\000a\000d\000a\000t\000a}{}% 60
